System information: {
  platform: 'darwin',
  arch: 'arm64',
  isAppleSilicon: true,
  nodeVersion: 'v18.20.8'
}
Loaded OBS config from file: /Users/prince/Projects/OBS-Tally/obs-config.json
Loaded ESP32 devices from file: 1
[32mðŸš€ OBS Tally server running on http://localhost:3005[0m
[36mðŸŒ Network access: http://192.168.0.91:3005[0m
[33mðŸ“± Open the URL above in your browser to control the tally system[0m

ðŸ¥ ESP32 health monitoring started
Attempting to connect to OBS WebSocket at ws://localhost:4455
ðŸ“¡ UDP discovery server listening on 0.0.0.0:3006
[32mâœ“ OBS WebSocket connection successful[0m
ðŸŽ¬ Initial scenes - Program: Sony Camera, Preview: iPhone
âš¡ REAL-TIME Status Change: Camera 1 Idle â†’ Preview
âš¡ PERFORMANCE: Tally update completed in 1.92ms, 1 changes detected, 1 pending updates
Client connected to tally server WebSocket. Total clients: 1
OBS connection status: Connected to OBS
Client disconnected from tally server. Total clients: 0
Client connected to tally server WebSocket. Total clients: 1
OBS connection status: Connected to OBS
ðŸ’“ Heartbeat from Tally Camera (192.168.0.64) - Status: READY
ðŸ”„ Sending updates to tally-f09e9e1079e8: Name changed to "Test" and camera reassigned from None -> Camera 1
âš¡ ULTRA-FAST tally update sent to ESP32 tally-f09e9e1079e8: Preview (159.4ms)
ðŸ¥ HEALTH CHECK: 1 healthy, 0 unhealthy ESP32 devices (288.3ms)
ðŸ’“ Heartbeat from Test (192.168.0.64) - Status: Preview
ðŸ”„ Sending name update to tally-f09e9e1079e8: "Test" -> "Test2"
âš¡ ULTRA-FAST tally update sent to ESP32 tally-f09e9e1079e8: Preview (245.7ms)
